<?xml version="1.0" encoding="UTF-8"?>
<testsuite name="com.ebin.ExampleTest" tests="2" skipped="0" failures="0" errors="0" timestamp="2020-03-14T13:31:26" hostname="polpc06421" time="0.079">
  <properties/>
  <testcase name="verifyTheAge(String, String, Integer, boolean)[1]" classname="com.ebin.ExampleTest" time="0.072"/>
  <testcase name="verifyTheAge(String, String, Integer, boolean)[2]" classname="com.ebin.ExampleTest" time="0.002"/>
  <system-out><![CDATA[]]></system-out>
  <system-err><![CDATA[]]></system-err>
</testsuite>
